(claim zero (nu (t₁ t₂) (-> t₁ (-> t₂ t₁))))
(claim add1 (nu (t₄ t₁₃ t₁₄) (-> (-> t₄ (-> (-> t₁₃ t₁₄) t₁₃)) (-> t₄ (-> (-> t₁₃ t₁₄) t₁₄)))))
(claim iter-Nat (nu (t₁₈ t₁₉ t₃₁) (-> (-> t₁₈ (-> t₁₉ t₃₁)) (-> t₁₈ (-> t₁₉ t₃₁)))))
(claim one (nu (t₄₈ t₃₉) (-> t₄₈ (-> (-> t₄₈ t₃₉) t₃₉))))
(claim two (nu (t₇₂ t₇₃) (-> t₇₂ (-> (-> t₇₂ t₇₃) t₇₃))))
(claim three (nu (t₁₀₀ t₁₀₁) (-> t₁₀₀ (-> (-> t₁₀₀ t₁₀₁) t₁₀₁))))
(claim four (nu (t₁₃₂ t₁₃₃) (-> t₁₃₂ (-> (-> t₁₃₂ t₁₃₃) t₁₃₃))))
(claim five (nu (t₁₆₈ t₁₆₉) (-> t₁₆₈ (-> (-> t₁₆₈ t₁₆₉) t₁₆₉))))
(claim six (nu (t₂₀₈ t₂₀₉) (-> t₂₀₈ (-> (-> t₂₀₈ t₂₀₉) t₂₀₉))))
(claim seven (nu (t₂₅₂ t₂₅₃) (-> t₂₅₂ (-> (-> t₂₅₂ t₂₅₃) t₂₅₃))))
(claim eight (nu (t₃₀₀ t₃₀₁) (-> t₃₀₀ (-> (-> t₃₀₀ t₃₀₁) t₃₀₁))))
(claim nine (nu (t₃₅₂ t₃₅₃) (-> t₃₅₂ (-> (-> t₃₅₂ t₃₅₃) t₃₅₃))))
(claim ten (nu (t₄₀₈ t₄₀₉) (-> t₄₀₈ (-> (-> t₄₀₈ t₄₀₉) t₄₀₉))))
(claim add (nu (t₄₃₈ t₅₂₈ t₅₂₉ t₅₃₀ t₅₃₁) (-> (-> t₄₃₈ (-> (-> (-> t₅₂₈ (-> (-> t₅₂₉ t₅₃₀) t₅₂₉)) (-> t₅₂₈ (-> (-> t₅₂₉ t₅₃₀) t₅₃₀))) t₅₃₁)) (-> t₄₃₈ t₅₃₁))))
(claim add-rosser (nu (t₇₃₈ t₅₆₃ t₇₇₃ t₅₆₂) (-> (-> t₇₃₈ (-> t₅₆₃ t₇₇₃)) (-> (-> t₅₆₂ (-> t₅₆₃ t₇₃₈)) (-> t₅₆₂ (-> t₅₆₃ t₇₇₃))))))
(claim mul (nu (t₈₈₇ t₈₈₈ t₉₂₇ t₉₃₁ t₉₇₀ t₉₂₈ t₉₂₉ t₉₃₀) (-> (-> (-> t₈₈₇ (-> t₈₈₈ t₈₈₇)) (-> (-> t₉₂₇ t₉₃₁) t₉₇₀)) (-> (-> t₉₂₇ (-> (-> (-> t₉₂₈ (-> (-> t₉₂₉ t₉₃₀) t₉₂₉)) (-> t₉₂₈ (-> (-> t₉₂₉ t₉₃₀) t₉₃₀))) t₉₃₁)) t₉₇₀))))
(claim power-of (nu (t₁₁₀₄ t₁₁₀₅ t₁₁₅₄ t₁₁₅₇ t₁₁₅₈ t₁₁₅₉ t₁₁₅₅ t₁₁₅₆ t₁₂₀₆ t₁₁₅₂ t₁₁₅₃) (-> (-> (-> t₁₁₀₄ (-> (-> t₁₁₀₄ t₁₁₀₅) t₁₁₀₅)) (-> (-> (-> t₁₁₅₄ (-> (-> (-> t₁₁₅₇ (-> (-> t₁₁₅₈ t₁₁₅₉) t₁₁₅₈)) (-> t₁₁₅₇ (-> (-> t₁₁₅₈ t₁₁₅₉) t₁₁₅₉))) t₁₁₅₅)) t₁₁₅₆) t₁₂₀₆)) (-> (-> (-> t₁₁₅₂ (-> t₁₁₅₃ t₁₁₅₂)) (-> (-> t₁₁₅₄ t₁₁₅₅) t₁₁₅₆)) t₁₂₀₆))))
(claim power (nu (t₁₂₆₃ t₁₂₆₄ t₁₂₅₆ t₁₂₆₀ t₁₂₆₁ t₁₂₅₄ t₁₂₅₅ t₁₂₅₇ t₁₂₅₈ t₁₂₅₉ t₁₃₇₈) (-> (-> (-> t₁₂₆₃ (-> t₁₂₆₄ t₁₂₆₃)) (-> (-> t₁₂₅₆ t₁₂₆₀) t₁₂₆₁)) (-> (-> (-> t₁₂₅₄ (-> (-> t₁₂₅₄ t₁₂₅₅) t₁₂₅₅)) (-> (-> (-> t₁₂₅₆ (-> (-> (-> t₁₂₅₇ (-> (-> t₁₂₅₈ t₁₂₅₉) t₁₂₅₈)) (-> t₁₂₅₇ (-> (-> t₁₂₅₈ t₁₂₅₉) t₁₂₅₉))) t₁₂₆₀)) t₁₂₆₁) t₁₃₇₈)) t₁₃₇₈))))
(claim true (nu (t₁₄₃₅ t₁₄₃₆) (-> t₁₄₃₅ (-> t₁₄₃₆ t₁₄₃₅))))
(claim false (nu (t₁₄₃₇ t₁₄₃₈) (-> t₁₄₃₇ (-> t₁₄₃₈ t₁₄₃₈))))
(claim if (nu (t₁₄₄₂ t₁₄₄₃ t₁₄₅₃) (-> (-> t₁₄₄₂ (-> t₁₄₄₃ t₁₄₅₃)) (-> t₁₄₄₂ (-> t₁₄₄₃ t₁₄₅₃)))))
(claim and (nu (t₁₄₅₉ t₁₄₈₆ t₁₄₈₇ t₁₄₈₈) (-> (-> t₁₄₅₉ (-> (-> t₁₄₈₆ (-> t₁₄₈₇ t₁₄₈₇)) t₁₄₈₈)) (-> t₁₄₅₉ t₁₄₈₈))))
(claim or (nu (t₁₅₂₄ t₁₅₂₅ t₁₄₉₇ t₁₅₃₈) (-> (-> (-> t₁₅₂₄ (-> t₁₅₂₅ t₁₅₂₄)) (-> t₁₄₉₇ t₁₅₃₈)) (-> t₁₄₉₇ t₁₅₃₈))))
(claim not (nu (t₁₅₈₅ t₁₅₈₆ t₁₆₀₃ t₁₆₀₄ t₁₆₀₅) (-> (-> (-> t₁₅₈₅ (-> t₁₅₈₆ t₁₅₈₆)) (-> (-> t₁₆₀₃ (-> t₁₆₀₄ t₁₆₀₃)) t₁₆₀₅)) t₁₆₀₅)))
(claim zero? (nu (t₁₈₀₀ t₁₈₀₁ t₁₈₉₀ t₁₈₉₁ t₁₈₉₂ t₁₈₉₃) (-> (-> (-> t₁₈₀₀ (-> t₁₈₀₁ t₁₈₀₀)) (-> (-> t₁₈₉₀ (-> t₁₈₉₁ (-> t₁₈₉₂ t₁₈₉₂))) t₁₈₉₃)) t₁₈₉₃)))
(claim cons (nu (t₁₉₈₁ t₁₉₈₂ t₁₉₈₅) (-> t₁₉₈₁ (-> t₁₉₈₂ (-> (-> t₁₉₈₁ (-> t₁₉₈₂ t₁₉₈₅)) t₁₉₈₅)))))
(claim car (nu (t₁₉₉₀ t₁₉₉₁ t₁₉₉₂) (-> (-> (-> t₁₉₉₀ (-> t₁₉₉₁ t₁₉₉₀)) t₁₉₉₂) t₁₉₉₂)))
(claim cdr (nu (t₂₀₀₃ t₂₀₀₄ t₂₀₀₅) (-> (-> (-> t₂₀₀₃ (-> t₂₀₀₄ t₂₀₀₄)) t₂₀₀₅) t₂₀₀₅)))
(claim null (nu (t₂₀₁₂ t₂₀₁₃ t₂₀₁₄) (-> t₂₀₁₂ (-> t₂₀₁₃ (-> t₂₀₁₄ t₂₀₁₃)))))
(claim null? (nu (t₂₀₄₅ t₂₀₄₆ t₂₀₄₇ t₂₀₄₈ t₂₀₄₉) (-> (-> (-> t₂₀₄₅ (-> t₂₀₄₆ (-> t₂₀₄₇ (-> t₂₀₄₈ t₂₀₄₈)))) t₂₀₄₉) t₂₀₄₉)))
(claim shift-add1 (nu (t₂₁₇₂ t₂₁₇₃ t₂₃₈₁ t₂₃₈₂ t₂₃₈₃ t₂₂₇₇ t₂₀₆₉) (-> (-> (-> t₂₁₇₂ (-> t₂₁₇₃ t₂₁₇₃)) (-> t₂₃₈₁ (-> (-> t₂₃₈₂ t₂₃₈₃) t₂₃₈₂))) (-> (-> t₂₂₇₇ (-> (-> t₂₃₈₁ (-> (-> t₂₃₈₂ t₂₃₈₃) t₂₃₈₃)) t₂₀₆₉)) t₂₀₆₉))))
(claim sub1 (nu (t₃₀₃₁ t₃₀₃₂ t₃₀₃₃ t₃₃₆₈ t₃₃₆₉ t₃₃₇₀ t₃₃₇₁ t₃₃₇₂ t₃₃₇₃ t₃₃₇₄ t₂₆₉₇ t₂₆₉₈ t₂₆₉₉ t₃₃₇₆) (-> (-> (-> (-> t₃₀₃₁ (-> t₃₀₃₂ t₃₀₃₃)) t₃₀₃₃) (-> (-> (-> (-> t₃₃₆₈ (-> t₃₃₆₉ t₃₃₆₉)) (-> t₃₃₇₀ (-> (-> t₃₃₇₁ t₃₃₇₂) t₃₃₇₁))) (-> (-> t₃₃₇₃ (-> (-> t₃₃₇₀ (-> (-> t₃₃₇₁ t₃₃₇₂) t₃₃₇₂)) t₃₃₇₄)) t₃₃₇₄)) (-> (-> t₂₆₉₇ (-> t₂₆₉₈ t₂₆₉₇)) t₂₆₉₉))) t₃₃₇₆)))
(claim sub (nu (t₃₄₈₆ t₃₈₆₂ t₃₈₆₃ t₃₈₆₄ t₃₈₆₅ t₃₈₆₆ t₃₈₆₇ t₃₈₆₈ t₃₈₆₉ t₃₈₇₀ t₃₈₇₁ t₃₈₇₂ t₃₈₇₃ t₃₈₇₄ t₃₈₇₅ t₃₈₇₆) (-> t₃₄₈₆ (-> (-> t₃₄₈₆ (-> (-> (-> (-> (-> t₃₈₆₂ (-> t₃₈₆₃ t₃₈₆₄)) t₃₈₆₄) (-> (-> (-> (-> t₃₈₆₅ (-> t₃₈₆₆ t₃₈₆₆)) (-> t₃₈₆₇ (-> (-> t₃₈₆₈ t₃₈₆₉) t₃₈₆₈))) (-> (-> t₃₈₇₀ (-> (-> t₃₈₆₇ (-> (-> t₃₈₆₈ t₃₈₆₉) t₃₈₆₉)) t₃₈₇₁)) t₃₈₇₁)) (-> (-> t₃₈₇₂ (-> t₃₈₇₃ t₃₈₇₂)) t₃₈₇₄))) t₃₈₇₅) t₃₈₇₆)) t₃₈₇₆))))
(claim lteq (nu (t₄₀₀₀ t₄₁₄₇ t₄₁₄₈ t₄₁₄₉ t₄₁₅₀ t₄₁₅₁ t₄₁₅₂ t₄₁₅₃ t₄₁₅₄ t₄₁₅₅ t₄₁₅₆ t₄₁₅₇ t₄₁₅₈ t₄₁₅₉ t₄₁₆₀ t₄₁₆₁ t₄₁₆₂ t₄₄₄₃) (-> t₄₀₀₀ (-> (-> t₄₁₄₇ (-> (-> (-> (-> (-> t₄₁₄₈ (-> t₄₁₄₉ t₄₁₅₀)) t₄₁₅₀) (-> (-> (-> (-> t₄₁₅₁ (-> t₄₁₅₂ t₄₁₅₂)) (-> t₄₁₅₃ (-> (-> t₄₁₅₄ t₄₁₅₅) t₄₁₅₄))) (-> (-> t₄₁₅₆ (-> (-> t₄₁₅₃ (-> (-> t₄₁₅₄ t₄₁₅₅) t₄₁₅₅)) t₄₁₅₇)) t₄₁₅₇)) (-> (-> t₄₁₅₈ (-> t₄₁₅₉ t₄₁₅₈)) t₄₁₆₀))) t₄₁₆₁) t₄₁₆₂)) t₄₄₄₃))))
